ARM GAS  /tmp/ccIswnlb.s 			page 1


   1              		.cpu cortex-m4
   2              		.arch armv7e-m
   3              		.fpu fpv4-sp-d16
   4              		.eabi_attribute 27, 1
   5              		.eabi_attribute 28, 1
   6              		.eabi_attribute 20, 1
   7              		.eabi_attribute 21, 1
   8              		.eabi_attribute 23, 3
   9              		.eabi_attribute 24, 1
  10              		.eabi_attribute 25, 1
  11              		.eabi_attribute 26, 1
  12              		.eabi_attribute 30, 1
  13              		.eabi_attribute 34, 1
  14              		.eabi_attribute 18, 4
  15              		.file	"iwdg.c"
  16              		.text
  17              	.Ltext0:
  18              		.cfi_sections	.debug_frame
  19              		.file 1 "Core/Src/iwdg.c"
  20              		.section	.text.MX_IWDG_Init,"ax",%progbits
  21              		.align	1
  22              		.global	MX_IWDG_Init
  23              		.syntax unified
  24              		.thumb
  25              		.thumb_func
  27              	MX_IWDG_Init:
  28              	.LFB220:
   1:Core/Src/iwdg.c **** /* USER CODE BEGIN Header */
   2:Core/Src/iwdg.c **** /**
   3:Core/Src/iwdg.c ****   ******************************************************************************
   4:Core/Src/iwdg.c ****   * @file    iwdg.c
   5:Core/Src/iwdg.c ****   * @brief   This file provides code for the configuration
   6:Core/Src/iwdg.c ****   *          of the IWDG instances.
   7:Core/Src/iwdg.c ****   ******************************************************************************
   8:Core/Src/iwdg.c ****   * @attention
   9:Core/Src/iwdg.c ****   *
  10:Core/Src/iwdg.c ****   * Copyright (c) 2026 STMicroelectronics.
  11:Core/Src/iwdg.c ****   * All rights reserved.
  12:Core/Src/iwdg.c ****   *
  13:Core/Src/iwdg.c ****   * This software is licensed under terms that can be found in the LICENSE file
  14:Core/Src/iwdg.c ****   * in the root directory of this software component.
  15:Core/Src/iwdg.c ****   * If no LICENSE file comes with this software, it is provided AS-IS.
  16:Core/Src/iwdg.c ****   *
  17:Core/Src/iwdg.c ****   ******************************************************************************
  18:Core/Src/iwdg.c ****   */
  19:Core/Src/iwdg.c **** /* USER CODE END Header */
  20:Core/Src/iwdg.c **** /* Includes ------------------------------------------------------------------*/
  21:Core/Src/iwdg.c **** #include "iwdg.h"
  22:Core/Src/iwdg.c **** 
  23:Core/Src/iwdg.c **** /* USER CODE BEGIN 0 */
  24:Core/Src/iwdg.c **** 
  25:Core/Src/iwdg.c **** /* USER CODE END 0 */
  26:Core/Src/iwdg.c **** 
  27:Core/Src/iwdg.c **** IWDG_HandleTypeDef hiwdg;
  28:Core/Src/iwdg.c **** 
  29:Core/Src/iwdg.c **** /* IWDG init function */
  30:Core/Src/iwdg.c **** void MX_IWDG_Init(void)
ARM GAS  /tmp/ccIswnlb.s 			page 2


  31:Core/Src/iwdg.c **** {
  29              		.loc 1 31 1 view -0
  30              		.cfi_startproc
  31              		@ args = 0, pretend = 0, frame = 0
  32              		@ frame_needed = 0, uses_anonymous_args = 0
  33 0000 08B5     		push	{r3, lr}
  34              		.cfi_def_cfa_offset 8
  35              		.cfi_offset 3, -8
  36              		.cfi_offset 14, -4
  32:Core/Src/iwdg.c **** 
  33:Core/Src/iwdg.c ****   /* USER CODE BEGIN IWDG_Init 0 */
  34:Core/Src/iwdg.c **** 
  35:Core/Src/iwdg.c ****   /* USER CODE END IWDG_Init 0 */
  36:Core/Src/iwdg.c **** 
  37:Core/Src/iwdg.c ****   /* USER CODE BEGIN IWDG_Init 1 */
  38:Core/Src/iwdg.c **** 
  39:Core/Src/iwdg.c ****   /* USER CODE END IWDG_Init 1 */
  40:Core/Src/iwdg.c ****   hiwdg.Instance = IWDG;
  37              		.loc 1 40 3 view .LVU1
  38              		.loc 1 40 18 is_stmt 0 view .LVU2
  39 0002 0748     		ldr	r0, .L5
  40 0004 074B     		ldr	r3, .L5+4
  41 0006 0360     		str	r3, [r0]
  41:Core/Src/iwdg.c ****   hiwdg.Init.Prescaler = IWDG_PRESCALER_32;
  42              		.loc 1 41 3 is_stmt 1 view .LVU3
  43              		.loc 1 41 24 is_stmt 0 view .LVU4
  44 0008 0323     		movs	r3, #3
  45 000a 4360     		str	r3, [r0, #4]
  42:Core/Src/iwdg.c ****   hiwdg.Init.Reload = 25-1;
  46              		.loc 1 42 3 is_stmt 1 view .LVU5
  47              		.loc 1 42 21 is_stmt 0 view .LVU6
  48 000c 1823     		movs	r3, #24
  49 000e 8360     		str	r3, [r0, #8]
  43:Core/Src/iwdg.c ****   if (HAL_IWDG_Init(&hiwdg) != HAL_OK)
  50              		.loc 1 43 3 is_stmt 1 view .LVU7
  51              		.loc 1 43 7 is_stmt 0 view .LVU8
  52 0010 FFF7FEFF 		bl	HAL_IWDG_Init
  53              	.LVL0:
  54              		.loc 1 43 6 view .LVU9
  55 0014 00B9     		cbnz	r0, .L4
  56              	.L1:
  44:Core/Src/iwdg.c ****   {
  45:Core/Src/iwdg.c ****     Error_Handler();
  46:Core/Src/iwdg.c ****   }
  47:Core/Src/iwdg.c ****   /* USER CODE BEGIN IWDG_Init 2 */
  48:Core/Src/iwdg.c **** 
  49:Core/Src/iwdg.c ****   /* USER CODE END IWDG_Init 2 */
  50:Core/Src/iwdg.c **** 
  51:Core/Src/iwdg.c **** }
  57              		.loc 1 51 1 view .LVU10
  58 0016 08BD     		pop	{r3, pc}
  59              	.L4:
  45:Core/Src/iwdg.c ****   }
  60              		.loc 1 45 5 is_stmt 1 view .LVU11
  61 0018 FFF7FEFF 		bl	Error_Handler
  62              	.LVL1:
  63              		.loc 1 51 1 is_stmt 0 view .LVU12
ARM GAS  /tmp/ccIswnlb.s 			page 3


  64 001c FBE7     		b	.L1
  65              	.L6:
  66 001e 00BF     		.align	2
  67              	.L5:
  68 0020 00000000 		.word	hiwdg
  69 0024 00300040 		.word	1073754112
  70              		.cfi_endproc
  71              	.LFE220:
  73              		.global	hiwdg
  74              		.section	.bss.hiwdg,"aw",%nobits
  75              		.align	2
  78              	hiwdg:
  79 0000 00000000 		.space	12
  79      00000000 
  79      00000000 
  80              		.text
  81              	.Letext0:
  82              		.file 2 "Drivers/CMSIS/Device/ST/STM32F4xx/Include/stm32f411xe.h"
  83              		.file 3 "/usr/lib/gcc/arm-none-eabi/12.2.1/include/stdint.h"
  84              		.file 4 "Drivers/STM32F4xx_HAL_Driver/Inc/stm32f4xx_hal_def.h"
  85              		.file 5 "Drivers/STM32F4xx_HAL_Driver/Inc/stm32f4xx_hal_iwdg.h"
  86              		.file 6 "Core/Inc/iwdg.h"
  87              		.file 7 "Core/Inc/main.h"
ARM GAS  /tmp/ccIswnlb.s 			page 4


DEFINED SYMBOLS
                            *ABS*:00000000 iwdg.c
     /tmp/ccIswnlb.s:21     .text.MX_IWDG_Init:00000000 $t
     /tmp/ccIswnlb.s:27     .text.MX_IWDG_Init:00000000 MX_IWDG_Init
     /tmp/ccIswnlb.s:68     .text.MX_IWDG_Init:00000020 $d
     /tmp/ccIswnlb.s:78     .bss.hiwdg:00000000 hiwdg
     /tmp/ccIswnlb.s:75     .bss.hiwdg:00000000 $d

UNDEFINED SYMBOLS
HAL_IWDG_Init
Error_Handler
