ARM GAS  /tmp/ccuJOyrS.s 			page 1


   1              		.cpu cortex-m4
   2              		.arch armv7e-m
   3              		.fpu fpv4-sp-d16
   4              		.eabi_attribute 27, 1
   5              		.eabi_attribute 28, 1
   6              		.eabi_attribute 20, 1
   7              		.eabi_attribute 21, 1
   8              		.eabi_attribute 23, 3
   9              		.eabi_attribute 24, 1
  10              		.eabi_attribute 25, 1
  11              		.eabi_attribute 26, 1
  12              		.eabi_attribute 30, 1
  13              		.eabi_attribute 34, 1
  14              		.eabi_attribute 18, 4
  15              		.file	"stm32f4xx_it.c"
  16              		.text
  17              	.Ltext0:
  18              		.cfi_sections	.debug_frame
  19              		.file 1 "Core/Src/stm32f4xx_it.c"
  20              		.section	.text.NMI_Handler,"ax",%progbits
  21              		.align	1
  22              		.global	NMI_Handler
  23              		.syntax unified
  24              		.thumb
  25              		.thumb_func
  27              	NMI_Handler:
  28              	.LFB220:
   1:Core/Src/stm32f4xx_it.c **** /* USER CODE BEGIN Header */
   2:Core/Src/stm32f4xx_it.c **** /**
   3:Core/Src/stm32f4xx_it.c ****   ******************************************************************************
   4:Core/Src/stm32f4xx_it.c ****   * @file    stm32f4xx_it.c
   5:Core/Src/stm32f4xx_it.c ****   * @brief   Interrupt Service Routines.
   6:Core/Src/stm32f4xx_it.c ****   ******************************************************************************
   7:Core/Src/stm32f4xx_it.c ****   * @attention
   8:Core/Src/stm32f4xx_it.c ****   *
   9:Core/Src/stm32f4xx_it.c ****   * Copyright (c) 2026 STMicroelectronics.
  10:Core/Src/stm32f4xx_it.c ****   * All rights reserved.
  11:Core/Src/stm32f4xx_it.c ****   *
  12:Core/Src/stm32f4xx_it.c ****   * This software is licensed under terms that can be found in the LICENSE file
  13:Core/Src/stm32f4xx_it.c ****   * in the root directory of this software component.
  14:Core/Src/stm32f4xx_it.c ****   * If no LICENSE file comes with this software, it is provided AS-IS.
  15:Core/Src/stm32f4xx_it.c ****   *
  16:Core/Src/stm32f4xx_it.c ****   ******************************************************************************
  17:Core/Src/stm32f4xx_it.c ****   */
  18:Core/Src/stm32f4xx_it.c **** /* USER CODE END Header */
  19:Core/Src/stm32f4xx_it.c **** 
  20:Core/Src/stm32f4xx_it.c **** /* Includes ------------------------------------------------------------------*/
  21:Core/Src/stm32f4xx_it.c **** #include "main.h"
  22:Core/Src/stm32f4xx_it.c **** #include "stm32f4xx_it.h"
  23:Core/Src/stm32f4xx_it.c **** /* Private includes ----------------------------------------------------------*/
  24:Core/Src/stm32f4xx_it.c **** /* USER CODE BEGIN Includes */
  25:Core/Src/stm32f4xx_it.c **** /* USER CODE END Includes */
  26:Core/Src/stm32f4xx_it.c **** 
  27:Core/Src/stm32f4xx_it.c **** /* Private typedef -----------------------------------------------------------*/
  28:Core/Src/stm32f4xx_it.c **** /* USER CODE BEGIN TD */
  29:Core/Src/stm32f4xx_it.c **** 
  30:Core/Src/stm32f4xx_it.c **** /* USER CODE END TD */
ARM GAS  /tmp/ccuJOyrS.s 			page 2


  31:Core/Src/stm32f4xx_it.c **** 
  32:Core/Src/stm32f4xx_it.c **** /* Private define ------------------------------------------------------------*/
  33:Core/Src/stm32f4xx_it.c **** /* USER CODE BEGIN PD */
  34:Core/Src/stm32f4xx_it.c **** 
  35:Core/Src/stm32f4xx_it.c **** /* USER CODE END PD */
  36:Core/Src/stm32f4xx_it.c **** 
  37:Core/Src/stm32f4xx_it.c **** /* Private macro -------------------------------------------------------------*/
  38:Core/Src/stm32f4xx_it.c **** /* USER CODE BEGIN PM */
  39:Core/Src/stm32f4xx_it.c **** 
  40:Core/Src/stm32f4xx_it.c **** /* USER CODE END PM */
  41:Core/Src/stm32f4xx_it.c **** 
  42:Core/Src/stm32f4xx_it.c **** /* Private variables ---------------------------------------------------------*/
  43:Core/Src/stm32f4xx_it.c **** /* USER CODE BEGIN PV */
  44:Core/Src/stm32f4xx_it.c **** 
  45:Core/Src/stm32f4xx_it.c **** /* USER CODE END PV */
  46:Core/Src/stm32f4xx_it.c **** 
  47:Core/Src/stm32f4xx_it.c **** /* Private function prototypes -----------------------------------------------*/
  48:Core/Src/stm32f4xx_it.c **** /* USER CODE BEGIN PFP */
  49:Core/Src/stm32f4xx_it.c **** 
  50:Core/Src/stm32f4xx_it.c **** /* USER CODE END PFP */
  51:Core/Src/stm32f4xx_it.c **** 
  52:Core/Src/stm32f4xx_it.c **** /* Private user code ---------------------------------------------------------*/
  53:Core/Src/stm32f4xx_it.c **** /* USER CODE BEGIN 0 */
  54:Core/Src/stm32f4xx_it.c **** 
  55:Core/Src/stm32f4xx_it.c **** /* USER CODE END 0 */
  56:Core/Src/stm32f4xx_it.c **** 
  57:Core/Src/stm32f4xx_it.c **** /* External variables --------------------------------------------------------*/
  58:Core/Src/stm32f4xx_it.c **** extern ADC_HandleTypeDef hadc1;
  59:Core/Src/stm32f4xx_it.c **** extern TIM_HandleTypeDef htim1;
  60:Core/Src/stm32f4xx_it.c **** 
  61:Core/Src/stm32f4xx_it.c **** /* USER CODE BEGIN EV */
  62:Core/Src/stm32f4xx_it.c **** 
  63:Core/Src/stm32f4xx_it.c **** /* USER CODE END EV */
  64:Core/Src/stm32f4xx_it.c **** 
  65:Core/Src/stm32f4xx_it.c **** /******************************************************************************/
  66:Core/Src/stm32f4xx_it.c **** /*           Cortex-M4 Processor Interruption and Exception Handlers          */
  67:Core/Src/stm32f4xx_it.c **** /******************************************************************************/
  68:Core/Src/stm32f4xx_it.c **** /**
  69:Core/Src/stm32f4xx_it.c ****   * @brief This function handles Non maskable interrupt.
  70:Core/Src/stm32f4xx_it.c ****   */
  71:Core/Src/stm32f4xx_it.c **** void NMI_Handler(void)
  72:Core/Src/stm32f4xx_it.c **** {
  29              		.loc 1 72 1 view -0
  30              		.cfi_startproc
  31              		@ Volatile: function does not return.
  32              		@ args = 0, pretend = 0, frame = 0
  33              		@ frame_needed = 0, uses_anonymous_args = 0
  34              		@ link register save eliminated.
  35              	.L2:
  73:Core/Src/stm32f4xx_it.c ****   /* USER CODE BEGIN NonMaskableInt_IRQn 0 */
  74:Core/Src/stm32f4xx_it.c **** 
  75:Core/Src/stm32f4xx_it.c ****   /* USER CODE END NonMaskableInt_IRQn 0 */
  76:Core/Src/stm32f4xx_it.c ****   /* USER CODE BEGIN NonMaskableInt_IRQn 1 */
  77:Core/Src/stm32f4xx_it.c ****    while (1)
  36              		.loc 1 77 4 discriminator 1 view .LVU1
  78:Core/Src/stm32f4xx_it.c ****   {
  79:Core/Src/stm32f4xx_it.c ****   }
ARM GAS  /tmp/ccuJOyrS.s 			page 3


  37              		.loc 1 79 3 discriminator 1 view .LVU2
  77:Core/Src/stm32f4xx_it.c ****   {
  38              		.loc 1 77 10 discriminator 1 view .LVU3
  39 0000 FEE7     		b	.L2
  40              		.cfi_endproc
  41              	.LFE220:
  43              		.section	.text.HardFault_Handler,"ax",%progbits
  44              		.align	1
  45              		.global	HardFault_Handler
  46              		.syntax unified
  47              		.thumb
  48              		.thumb_func
  50              	HardFault_Handler:
  51              	.LFB221:
  80:Core/Src/stm32f4xx_it.c ****   /* USER CODE END NonMaskableInt_IRQn 1 */
  81:Core/Src/stm32f4xx_it.c **** }
  82:Core/Src/stm32f4xx_it.c **** 
  83:Core/Src/stm32f4xx_it.c **** /**
  84:Core/Src/stm32f4xx_it.c ****   * @brief This function handles Hard fault interrupt.
  85:Core/Src/stm32f4xx_it.c ****   */
  86:Core/Src/stm32f4xx_it.c **** void HardFault_Handler(void)
  87:Core/Src/stm32f4xx_it.c **** {
  52              		.loc 1 87 1 view -0
  53              		.cfi_startproc
  54              		@ Volatile: function does not return.
  55              		@ args = 0, pretend = 0, frame = 0
  56              		@ frame_needed = 0, uses_anonymous_args = 0
  57              		@ link register save eliminated.
  58              	.L4:
  88:Core/Src/stm32f4xx_it.c ****   /* USER CODE BEGIN HardFault_IRQn 0 */
  89:Core/Src/stm32f4xx_it.c **** 
  90:Core/Src/stm32f4xx_it.c ****   /* USER CODE END HardFault_IRQn 0 */
  91:Core/Src/stm32f4xx_it.c ****   while (1)
  59              		.loc 1 91 3 discriminator 1 view .LVU5
  92:Core/Src/stm32f4xx_it.c ****   {
  93:Core/Src/stm32f4xx_it.c ****     /* USER CODE BEGIN W1_HardFault_IRQn 0 */
  94:Core/Src/stm32f4xx_it.c ****     /* USER CODE END W1_HardFault_IRQn 0 */
  95:Core/Src/stm32f4xx_it.c ****   }
  60              		.loc 1 95 3 discriminator 1 view .LVU6
  91:Core/Src/stm32f4xx_it.c ****   {
  61              		.loc 1 91 9 discriminator 1 view .LVU7
  62 0000 FEE7     		b	.L4
  63              		.cfi_endproc
  64              	.LFE221:
  66              		.section	.text.MemManage_Handler,"ax",%progbits
  67              		.align	1
  68              		.global	MemManage_Handler
  69              		.syntax unified
  70              		.thumb
  71              		.thumb_func
  73              	MemManage_Handler:
  74              	.LFB222:
  96:Core/Src/stm32f4xx_it.c **** }
  97:Core/Src/stm32f4xx_it.c **** 
  98:Core/Src/stm32f4xx_it.c **** /**
  99:Core/Src/stm32f4xx_it.c ****   * @brief This function handles Memory management fault.
 100:Core/Src/stm32f4xx_it.c ****   */
ARM GAS  /tmp/ccuJOyrS.s 			page 4


 101:Core/Src/stm32f4xx_it.c **** void MemManage_Handler(void)
 102:Core/Src/stm32f4xx_it.c **** {
  75              		.loc 1 102 1 view -0
  76              		.cfi_startproc
  77              		@ Volatile: function does not return.
  78              		@ args = 0, pretend = 0, frame = 16
  79              		@ frame_needed = 0, uses_anonymous_args = 0
  80              		@ link register save eliminated.
  81 0000 84B0     		sub	sp, sp, #16
  82              		.cfi_def_cfa_offset 16
 103:Core/Src/stm32f4xx_it.c ****   /* USER CODE BEGIN MemoryManagement_IRQn 0 */
 104:Core/Src/stm32f4xx_it.c ****   volatile uint32_t fault_address = SCB->MMFAR;
  83              		.loc 1 104 3 view .LVU9
  84              		.loc 1 104 40 is_stmt 0 view .LVU10
  85 0002 084B     		ldr	r3, .L8
  86 0004 5A6B     		ldr	r2, [r3, #52]
  87              		.loc 1 104 21 view .LVU11
  88 0006 0392     		str	r2, [sp, #12]
 105:Core/Src/stm32f4xx_it.c ****   volatile uint32_t cfsr = SCB->CFSR;
  89              		.loc 1 105 3 is_stmt 1 view .LVU12
  90              		.loc 1 105 31 is_stmt 0 view .LVU13
  91 0008 9B6A     		ldr	r3, [r3, #40]
  92              		.loc 1 105 21 view .LVU14
  93 000a 0293     		str	r3, [sp, #8]
 106:Core/Src/stm32f4xx_it.c ****   volatile uint32_t mmfsr = (cfsr & 0xFF);
  94              		.loc 1 106 3 is_stmt 1 view .LVU15
  95              		.loc 1 106 35 is_stmt 0 view .LVU16
  96 000c 029B     		ldr	r3, [sp, #8]
  97 000e DBB2     		uxtb	r3, r3
  98              		.loc 1 106 21 view .LVU17
  99 0010 0193     		str	r3, [sp, #4]
 107:Core/Src/stm32f4xx_it.c ****   volatile uint32_t fault_status = (mmfsr & 0x7F);
 100              		.loc 1 107 3 is_stmt 1 view .LVU18
 101              		.loc 1 107 43 is_stmt 0 view .LVU19
 102 0012 019B     		ldr	r3, [sp, #4]
 103 0014 03F07F03 		and	r3, r3, #127
 104              		.loc 1 107 21 view .LVU20
 105 0018 0093     		str	r3, [sp]
 108:Core/Src/stm32f4xx_it.c ****   (void)fault_address;
 106              		.loc 1 108 3 is_stmt 1 view .LVU21
 107 001a 039B     		ldr	r3, [sp, #12]
 109:Core/Src/stm32f4xx_it.c ****   (void)cfsr;
 108              		.loc 1 109 3 view .LVU22
 109 001c 029B     		ldr	r3, [sp, #8]
 110:Core/Src/stm32f4xx_it.c ****   (void)mmfsr;
 110              		.loc 1 110 3 view .LVU23
 111 001e 019B     		ldr	r3, [sp, #4]
 111:Core/Src/stm32f4xx_it.c ****   (void)fault_status;
 112              		.loc 1 111 3 view .LVU24
 113 0020 009B     		ldr	r3, [sp]
 114              	.L6:
 112:Core/Src/stm32f4xx_it.c ****   /* USER CODE END MemoryManagement_IRQn 0 */
 113:Core/Src/stm32f4xx_it.c ****   while (1)
 115              		.loc 1 113 3 discriminator 1 view .LVU25
 114:Core/Src/stm32f4xx_it.c ****   {
 115:Core/Src/stm32f4xx_it.c ****     /* USER CODE BEGIN W1_MemoryManagement_IRQn 0 */
 116:Core/Src/stm32f4xx_it.c ****     /* USER CODE END W1_MemoryManagement_IRQn 0 */
ARM GAS  /tmp/ccuJOyrS.s 			page 5


 117:Core/Src/stm32f4xx_it.c ****   }
 116              		.loc 1 117 3 discriminator 1 view .LVU26
 113:Core/Src/stm32f4xx_it.c ****   {
 117              		.loc 1 113 9 discriminator 1 view .LVU27
 118 0022 FEE7     		b	.L6
 119              	.L9:
 120              		.align	2
 121              	.L8:
 122 0024 00ED00E0 		.word	-536810240
 123              		.cfi_endproc
 124              	.LFE222:
 126              		.section	.text.BusFault_Handler,"ax",%progbits
 127              		.align	1
 128              		.global	BusFault_Handler
 129              		.syntax unified
 130              		.thumb
 131              		.thumb_func
 133              	BusFault_Handler:
 134              	.LFB223:
 118:Core/Src/stm32f4xx_it.c **** }
 119:Core/Src/stm32f4xx_it.c **** 
 120:Core/Src/stm32f4xx_it.c **** /**
 121:Core/Src/stm32f4xx_it.c ****   * @brief This function handles Pre-fetch fault, memory access fault.
 122:Core/Src/stm32f4xx_it.c ****   */
 123:Core/Src/stm32f4xx_it.c **** void BusFault_Handler(void)
 124:Core/Src/stm32f4xx_it.c **** {
 135              		.loc 1 124 1 view -0
 136              		.cfi_startproc
 137              		@ Volatile: function does not return.
 138              		@ args = 0, pretend = 0, frame = 0
 139              		@ frame_needed = 0, uses_anonymous_args = 0
 140              		@ link register save eliminated.
 141              	.L11:
 125:Core/Src/stm32f4xx_it.c ****   /* USER CODE BEGIN BusFault_IRQn 0 */
 126:Core/Src/stm32f4xx_it.c **** 
 127:Core/Src/stm32f4xx_it.c ****   /* USER CODE END BusFault_IRQn 0 */
 128:Core/Src/stm32f4xx_it.c ****   while (1)
 142              		.loc 1 128 3 discriminator 1 view .LVU29
 129:Core/Src/stm32f4xx_it.c ****   {
 130:Core/Src/stm32f4xx_it.c ****     /* USER CODE BEGIN W1_BusFault_IRQn 0 */
 131:Core/Src/stm32f4xx_it.c ****     /* USER CODE END W1_BusFault_IRQn 0 */
 132:Core/Src/stm32f4xx_it.c ****   }
 143              		.loc 1 132 3 discriminator 1 view .LVU30
 128:Core/Src/stm32f4xx_it.c ****   {
 144              		.loc 1 128 9 discriminator 1 view .LVU31
 145 0000 FEE7     		b	.L11
 146              		.cfi_endproc
 147              	.LFE223:
 149              		.section	.text.UsageFault_Handler,"ax",%progbits
 150              		.align	1
 151              		.global	UsageFault_Handler
 152              		.syntax unified
 153              		.thumb
 154              		.thumb_func
 156              	UsageFault_Handler:
 157              	.LFB224:
 133:Core/Src/stm32f4xx_it.c **** }
ARM GAS  /tmp/ccuJOyrS.s 			page 6


 134:Core/Src/stm32f4xx_it.c **** 
 135:Core/Src/stm32f4xx_it.c **** /**
 136:Core/Src/stm32f4xx_it.c ****   * @brief This function handles Undefined instruction or illegal state.
 137:Core/Src/stm32f4xx_it.c ****   */
 138:Core/Src/stm32f4xx_it.c **** void UsageFault_Handler(void)
 139:Core/Src/stm32f4xx_it.c **** {
 158              		.loc 1 139 1 view -0
 159              		.cfi_startproc
 160              		@ Volatile: function does not return.
 161              		@ args = 0, pretend = 0, frame = 0
 162              		@ frame_needed = 0, uses_anonymous_args = 0
 163              		@ link register save eliminated.
 164              	.L13:
 140:Core/Src/stm32f4xx_it.c ****   /* USER CODE BEGIN UsageFault_IRQn 0 */
 141:Core/Src/stm32f4xx_it.c **** 
 142:Core/Src/stm32f4xx_it.c ****   /* USER CODE END UsageFault_IRQn 0 */
 143:Core/Src/stm32f4xx_it.c ****   while (1)
 165              		.loc 1 143 3 discriminator 1 view .LVU33
 144:Core/Src/stm32f4xx_it.c ****   {
 145:Core/Src/stm32f4xx_it.c ****     /* USER CODE BEGIN W1_UsageFault_IRQn 0 */
 146:Core/Src/stm32f4xx_it.c ****     /* USER CODE END W1_UsageFault_IRQn 0 */
 147:Core/Src/stm32f4xx_it.c ****   }
 166              		.loc 1 147 3 discriminator 1 view .LVU34
 143:Core/Src/stm32f4xx_it.c ****   {
 167              		.loc 1 143 9 discriminator 1 view .LVU35
 168 0000 FEE7     		b	.L13
 169              		.cfi_endproc
 170              	.LFE224:
 172              		.section	.text.DebugMon_Handler,"ax",%progbits
 173              		.align	1
 174              		.global	DebugMon_Handler
 175              		.syntax unified
 176              		.thumb
 177              		.thumb_func
 179              	DebugMon_Handler:
 180              	.LFB225:
 148:Core/Src/stm32f4xx_it.c **** }
 149:Core/Src/stm32f4xx_it.c **** 
 150:Core/Src/stm32f4xx_it.c **** /**
 151:Core/Src/stm32f4xx_it.c ****   * @brief This function handles Debug monitor.
 152:Core/Src/stm32f4xx_it.c ****   */
 153:Core/Src/stm32f4xx_it.c **** void DebugMon_Handler(void)
 154:Core/Src/stm32f4xx_it.c **** {
 181              		.loc 1 154 1 view -0
 182              		.cfi_startproc
 183              		@ args = 0, pretend = 0, frame = 0
 184              		@ frame_needed = 0, uses_anonymous_args = 0
 185              		@ link register save eliminated.
 155:Core/Src/stm32f4xx_it.c ****   /* USER CODE BEGIN DebugMonitor_IRQn 0 */
 156:Core/Src/stm32f4xx_it.c **** 
 157:Core/Src/stm32f4xx_it.c ****   /* USER CODE END DebugMonitor_IRQn 0 */
 158:Core/Src/stm32f4xx_it.c ****   /* USER CODE BEGIN DebugMonitor_IRQn 1 */
 159:Core/Src/stm32f4xx_it.c **** 
 160:Core/Src/stm32f4xx_it.c ****   /* USER CODE END DebugMonitor_IRQn 1 */
 161:Core/Src/stm32f4xx_it.c **** }
 186              		.loc 1 161 1 view .LVU37
 187 0000 7047     		bx	lr
ARM GAS  /tmp/ccuJOyrS.s 			page 7


 188              		.cfi_endproc
 189              	.LFE225:
 191              		.section	.text.ADC_IRQHandler,"ax",%progbits
 192              		.align	1
 193              		.global	ADC_IRQHandler
 194              		.syntax unified
 195              		.thumb
 196              		.thumb_func
 198              	ADC_IRQHandler:
 199              	.LFB226:
 162:Core/Src/stm32f4xx_it.c **** 
 163:Core/Src/stm32f4xx_it.c **** /******************************************************************************/
 164:Core/Src/stm32f4xx_it.c **** /* STM32F4xx Peripheral Interrupt Handlers                                    */
 165:Core/Src/stm32f4xx_it.c **** /* Add here the Interrupt Handlers for the used peripherals.                  */
 166:Core/Src/stm32f4xx_it.c **** /* For the available peripheral interrupt handler names,                      */
 167:Core/Src/stm32f4xx_it.c **** /* please refer to the startup file (startup_stm32f4xx.s).                    */
 168:Core/Src/stm32f4xx_it.c **** /******************************************************************************/
 169:Core/Src/stm32f4xx_it.c **** 
 170:Core/Src/stm32f4xx_it.c **** /**
 171:Core/Src/stm32f4xx_it.c ****   * @brief This function handles ADC1 global interrupt.
 172:Core/Src/stm32f4xx_it.c ****   */
 173:Core/Src/stm32f4xx_it.c **** void ADC_IRQHandler(void)
 174:Core/Src/stm32f4xx_it.c **** {
 200              		.loc 1 174 1 view -0
 201              		.cfi_startproc
 202              		@ args = 0, pretend = 0, frame = 0
 203              		@ frame_needed = 0, uses_anonymous_args = 0
 204 0000 08B5     		push	{r3, lr}
 205              		.cfi_def_cfa_offset 8
 206              		.cfi_offset 3, -8
 207              		.cfi_offset 14, -4
 175:Core/Src/stm32f4xx_it.c ****   /* USER CODE BEGIN ADC_IRQn 0 */
 176:Core/Src/stm32f4xx_it.c **** 
 177:Core/Src/stm32f4xx_it.c ****   /* USER CODE END ADC_IRQn 0 */
 178:Core/Src/stm32f4xx_it.c ****   HAL_ADC_IRQHandler(&hadc1);
 208              		.loc 1 178 3 view .LVU39
 209 0002 0248     		ldr	r0, .L17
 210 0004 FFF7FEFF 		bl	HAL_ADC_IRQHandler
 211              	.LVL0:
 179:Core/Src/stm32f4xx_it.c ****   /* USER CODE BEGIN ADC_IRQn 1 */
 180:Core/Src/stm32f4xx_it.c **** 
 181:Core/Src/stm32f4xx_it.c ****   /* USER CODE END ADC_IRQn 1 */
 182:Core/Src/stm32f4xx_it.c **** }
 212              		.loc 1 182 1 is_stmt 0 view .LVU40
 213 0008 08BD     		pop	{r3, pc}
 214              	.L18:
 215 000a 00BF     		.align	2
 216              	.L17:
 217 000c 00000000 		.word	hadc1
 218              		.cfi_endproc
 219              	.LFE226:
 221              		.section	.text.TIM1_UP_TIM10_IRQHandler,"ax",%progbits
 222              		.align	1
 223              		.global	TIM1_UP_TIM10_IRQHandler
 224              		.syntax unified
 225              		.thumb
 226              		.thumb_func
ARM GAS  /tmp/ccuJOyrS.s 			page 8


 228              	TIM1_UP_TIM10_IRQHandler:
 229              	.LFB227:
 183:Core/Src/stm32f4xx_it.c **** 
 184:Core/Src/stm32f4xx_it.c **** /**
 185:Core/Src/stm32f4xx_it.c ****   * @brief This function handles TIM1 update interrupt and TIM10 global interrupt.
 186:Core/Src/stm32f4xx_it.c ****   */
 187:Core/Src/stm32f4xx_it.c **** void TIM1_UP_TIM10_IRQHandler(void)
 188:Core/Src/stm32f4xx_it.c **** {
 230              		.loc 1 188 1 is_stmt 1 view -0
 231              		.cfi_startproc
 232              		@ args = 0, pretend = 0, frame = 0
 233              		@ frame_needed = 0, uses_anonymous_args = 0
 234 0000 08B5     		push	{r3, lr}
 235              		.cfi_def_cfa_offset 8
 236              		.cfi_offset 3, -8
 237              		.cfi_offset 14, -4
 189:Core/Src/stm32f4xx_it.c ****   /* USER CODE BEGIN TIM1_UP_TIM10_IRQn 0 */
 190:Core/Src/stm32f4xx_it.c **** 
 191:Core/Src/stm32f4xx_it.c ****   /* USER CODE END TIM1_UP_TIM10_IRQn 0 */
 192:Core/Src/stm32f4xx_it.c ****   HAL_TIM_IRQHandler(&htim1);
 238              		.loc 1 192 3 view .LVU42
 239 0002 0248     		ldr	r0, .L21
 240 0004 FFF7FEFF 		bl	HAL_TIM_IRQHandler
 241              	.LVL1:
 193:Core/Src/stm32f4xx_it.c ****   /* USER CODE BEGIN TIM1_UP_TIM10_IRQn 1 */
 194:Core/Src/stm32f4xx_it.c **** 
 195:Core/Src/stm32f4xx_it.c ****   /* USER CODE END TIM1_UP_TIM10_IRQn 1 */
 196:Core/Src/stm32f4xx_it.c **** }
 242              		.loc 1 196 1 is_stmt 0 view .LVU43
 243 0008 08BD     		pop	{r3, pc}
 244              	.L22:
 245 000a 00BF     		.align	2
 246              	.L21:
 247 000c 00000000 		.word	htim1
 248              		.cfi_endproc
 249              	.LFE227:
 251              		.text
 252              	.Letext0:
 253              		.file 2 "/usr/lib/gcc/arm-none-eabi/12.2.1/include/stdint.h"
 254              		.file 3 "Drivers/CMSIS/Include/core_cm4.h"
 255              		.file 4 "Drivers/CMSIS/Device/ST/STM32F4xx/Include/stm32f411xe.h"
 256              		.file 5 "Drivers/CMSIS/Device/ST/STM32F4xx/Include/stm32f4xx.h"
 257              		.file 6 "Drivers/STM32F4xx_HAL_Driver/Inc/stm32f4xx_hal_def.h"
 258              		.file 7 "Drivers/STM32F4xx_HAL_Driver/Inc/stm32f4xx_hal_dma.h"
 259              		.file 8 "Drivers/STM32F4xx_HAL_Driver/Inc/stm32f4xx_hal_adc.h"
 260              		.file 9 "Drivers/STM32F4xx_HAL_Driver/Inc/stm32f4xx_hal_tim.h"
ARM GAS  /tmp/ccuJOyrS.s 			page 9


DEFINED SYMBOLS
                            *ABS*:00000000 stm32f4xx_it.c
     /tmp/ccuJOyrS.s:21     .text.NMI_Handler:00000000 $t
     /tmp/ccuJOyrS.s:27     .text.NMI_Handler:00000000 NMI_Handler
     /tmp/ccuJOyrS.s:44     .text.HardFault_Handler:00000000 $t
     /tmp/ccuJOyrS.s:50     .text.HardFault_Handler:00000000 HardFault_Handler
     /tmp/ccuJOyrS.s:67     .text.MemManage_Handler:00000000 $t
     /tmp/ccuJOyrS.s:73     .text.MemManage_Handler:00000000 MemManage_Handler
     /tmp/ccuJOyrS.s:122    .text.MemManage_Handler:00000024 $d
     /tmp/ccuJOyrS.s:127    .text.BusFault_Handler:00000000 $t
     /tmp/ccuJOyrS.s:133    .text.BusFault_Handler:00000000 BusFault_Handler
     /tmp/ccuJOyrS.s:150    .text.UsageFault_Handler:00000000 $t
     /tmp/ccuJOyrS.s:156    .text.UsageFault_Handler:00000000 UsageFault_Handler
     /tmp/ccuJOyrS.s:173    .text.DebugMon_Handler:00000000 $t
     /tmp/ccuJOyrS.s:179    .text.DebugMon_Handler:00000000 DebugMon_Handler
     /tmp/ccuJOyrS.s:192    .text.ADC_IRQHandler:00000000 $t
     /tmp/ccuJOyrS.s:198    .text.ADC_IRQHandler:00000000 ADC_IRQHandler
     /tmp/ccuJOyrS.s:217    .text.ADC_IRQHandler:0000000c $d
     /tmp/ccuJOyrS.s:222    .text.TIM1_UP_TIM10_IRQHandler:00000000 $t
     /tmp/ccuJOyrS.s:228    .text.TIM1_UP_TIM10_IRQHandler:00000000 TIM1_UP_TIM10_IRQHandler
     /tmp/ccuJOyrS.s:247    .text.TIM1_UP_TIM10_IRQHandler:0000000c $d

UNDEFINED SYMBOLS
HAL_ADC_IRQHandler
hadc1
HAL_TIM_IRQHandler
htim1
