ARM GAS  /tmp/ccf71Fr3.s 			page 1


   1              		.cpu cortex-m4
   2              		.arch armv7e-m
   3              		.fpu fpv4-sp-d16
   4              		.eabi_attribute 27, 1
   5              		.eabi_attribute 28, 1
   6              		.eabi_attribute 20, 1
   7              		.eabi_attribute 21, 1
   8              		.eabi_attribute 23, 3
   9              		.eabi_attribute 24, 1
  10              		.eabi_attribute 25, 1
  11              		.eabi_attribute 26, 1
  12              		.eabi_attribute 30, 1
  13              		.eabi_attribute 34, 1
  14              		.eabi_attribute 18, 4
  15              		.file	"tim.c"
  16              		.text
  17              	.Ltext0:
  18              		.cfi_sections	.debug_frame
  19              		.file 1 "Core/Src/tim.c"
  20              		.section	.text.MX_TIM3_Init,"ax",%progbits
  21              		.align	1
  22              		.global	MX_TIM3_Init
  23              		.syntax unified
  24              		.thumb
  25              		.thumb_func
  27              	MX_TIM3_Init:
  28              	.LFB220:
   1:Core/Src/tim.c **** /* USER CODE BEGIN Header */
   2:Core/Src/tim.c **** /**
   3:Core/Src/tim.c ****   ******************************************************************************
   4:Core/Src/tim.c ****   * @file    tim.c
   5:Core/Src/tim.c ****   * @brief   This file provides code for the configuration
   6:Core/Src/tim.c ****   *          of the TIM instances.
   7:Core/Src/tim.c ****   ******************************************************************************
   8:Core/Src/tim.c ****   * @attention
   9:Core/Src/tim.c ****   *
  10:Core/Src/tim.c ****   * Copyright (c) 2026 STMicroelectronics.
  11:Core/Src/tim.c ****   * All rights reserved.
  12:Core/Src/tim.c ****   *
  13:Core/Src/tim.c ****   * This software is licensed under terms that can be found in the LICENSE file
  14:Core/Src/tim.c ****   * in the root directory of this software component.
  15:Core/Src/tim.c ****   * If no LICENSE file comes with this software, it is provided AS-IS.
  16:Core/Src/tim.c ****   *
  17:Core/Src/tim.c ****   ******************************************************************************
  18:Core/Src/tim.c ****   */
  19:Core/Src/tim.c **** /* USER CODE END Header */
  20:Core/Src/tim.c **** /* Includes ------------------------------------------------------------------*/
  21:Core/Src/tim.c **** #include "tim.h"
  22:Core/Src/tim.c **** 
  23:Core/Src/tim.c **** /* USER CODE BEGIN 0 */
  24:Core/Src/tim.c **** 
  25:Core/Src/tim.c **** /* USER CODE END 0 */
  26:Core/Src/tim.c **** 
  27:Core/Src/tim.c **** TIM_HandleTypeDef htim3;
  28:Core/Src/tim.c **** 
  29:Core/Src/tim.c **** /* TIM3 init function */
  30:Core/Src/tim.c **** void MX_TIM3_Init(void)
ARM GAS  /tmp/ccf71Fr3.s 			page 2


  31:Core/Src/tim.c **** {
  29              		.loc 1 31 1 view -0
  30              		.cfi_startproc
  31              		@ args = 0, pretend = 0, frame = 24
  32              		@ frame_needed = 0, uses_anonymous_args = 0
  33 0000 00B5     		push	{lr}
  34              		.cfi_def_cfa_offset 4
  35              		.cfi_offset 14, -4
  36 0002 87B0     		sub	sp, sp, #28
  37              		.cfi_def_cfa_offset 32
  32:Core/Src/tim.c **** 
  33:Core/Src/tim.c ****   /* USER CODE BEGIN TIM3_Init 0 */
  34:Core/Src/tim.c **** 
  35:Core/Src/tim.c ****   /* USER CODE END TIM3_Init 0 */
  36:Core/Src/tim.c **** 
  37:Core/Src/tim.c ****   TIM_ClockConfigTypeDef sClockSourceConfig = {0};
  38              		.loc 1 37 3 view .LVU1
  39              		.loc 1 37 26 is_stmt 0 view .LVU2
  40 0004 0023     		movs	r3, #0
  41 0006 0293     		str	r3, [sp, #8]
  42 0008 0393     		str	r3, [sp, #12]
  43 000a 0493     		str	r3, [sp, #16]
  44 000c 0593     		str	r3, [sp, #20]
  38:Core/Src/tim.c ****   TIM_MasterConfigTypeDef sMasterConfig = {0};
  45              		.loc 1 38 3 is_stmt 1 view .LVU3
  46              		.loc 1 38 27 is_stmt 0 view .LVU4
  47 000e 0093     		str	r3, [sp]
  48 0010 0193     		str	r3, [sp, #4]
  39:Core/Src/tim.c **** 
  40:Core/Src/tim.c ****   /* USER CODE BEGIN TIM3_Init 1 */
  41:Core/Src/tim.c **** 
  42:Core/Src/tim.c ****   /* USER CODE END TIM3_Init 1 */
  43:Core/Src/tim.c ****   htim3.Instance = TIM3;
  49              		.loc 1 43 3 is_stmt 1 view .LVU5
  50              		.loc 1 43 18 is_stmt 0 view .LVU6
  51 0012 1548     		ldr	r0, .L9
  52 0014 154A     		ldr	r2, .L9+4
  53 0016 0260     		str	r2, [r0]
  44:Core/Src/tim.c ****   htim3.Init.Prescaler = 1000-1;
  54              		.loc 1 44 3 is_stmt 1 view .LVU7
  55              		.loc 1 44 24 is_stmt 0 view .LVU8
  56 0018 40F2E732 		movw	r2, #999
  57 001c 4260     		str	r2, [r0, #4]
  45:Core/Src/tim.c ****   htim3.Init.CounterMode = TIM_COUNTERMODE_UP;
  58              		.loc 1 45 3 is_stmt 1 view .LVU9
  59              		.loc 1 45 26 is_stmt 0 view .LVU10
  60 001e 8360     		str	r3, [r0, #8]
  46:Core/Src/tim.c ****   htim3.Init.Period = 1000-1;
  61              		.loc 1 46 3 is_stmt 1 view .LVU11
  62              		.loc 1 46 21 is_stmt 0 view .LVU12
  63 0020 C260     		str	r2, [r0, #12]
  47:Core/Src/tim.c ****   htim3.Init.ClockDivision = TIM_CLOCKDIVISION_DIV1;
  64              		.loc 1 47 3 is_stmt 1 view .LVU13
  65              		.loc 1 47 28 is_stmt 0 view .LVU14
  66 0022 0361     		str	r3, [r0, #16]
  48:Core/Src/tim.c ****   htim3.Init.AutoReloadPreload = TIM_AUTORELOAD_PRELOAD_DISABLE;
  67              		.loc 1 48 3 is_stmt 1 view .LVU15
ARM GAS  /tmp/ccf71Fr3.s 			page 3


  68              		.loc 1 48 32 is_stmt 0 view .LVU16
  69 0024 8361     		str	r3, [r0, #24]
  49:Core/Src/tim.c ****   if (HAL_TIM_Base_Init(&htim3) != HAL_OK)
  70              		.loc 1 49 3 is_stmt 1 view .LVU17
  71              		.loc 1 49 7 is_stmt 0 view .LVU18
  72 0026 FFF7FEFF 		bl	HAL_TIM_Base_Init
  73              	.LVL0:
  74              		.loc 1 49 6 view .LVU19
  75 002a 98B9     		cbnz	r0, .L6
  76              	.L2:
  50:Core/Src/tim.c ****   {
  51:Core/Src/tim.c ****     Error_Handler();
  52:Core/Src/tim.c ****   }
  53:Core/Src/tim.c ****   sClockSourceConfig.ClockSource = TIM_CLOCKSOURCE_INTERNAL;
  77              		.loc 1 53 3 is_stmt 1 view .LVU20
  78              		.loc 1 53 34 is_stmt 0 view .LVU21
  79 002c 4FF48053 		mov	r3, #4096
  80 0030 0293     		str	r3, [sp, #8]
  54:Core/Src/tim.c ****   if (HAL_TIM_ConfigClockSource(&htim3, &sClockSourceConfig) != HAL_OK)
  81              		.loc 1 54 3 is_stmt 1 view .LVU22
  82              		.loc 1 54 7 is_stmt 0 view .LVU23
  83 0032 02A9     		add	r1, sp, #8
  84 0034 0C48     		ldr	r0, .L9
  85 0036 FFF7FEFF 		bl	HAL_TIM_ConfigClockSource
  86              	.LVL1:
  87              		.loc 1 54 6 view .LVU24
  88 003a 70B9     		cbnz	r0, .L7
  89              	.L3:
  55:Core/Src/tim.c ****   {
  56:Core/Src/tim.c ****     Error_Handler();
  57:Core/Src/tim.c ****   }
  58:Core/Src/tim.c ****   sMasterConfig.MasterOutputTrigger = TIM_TRGO_UPDATE;
  90              		.loc 1 58 3 is_stmt 1 view .LVU25
  91              		.loc 1 58 37 is_stmt 0 view .LVU26
  92 003c 2023     		movs	r3, #32
  93 003e 0093     		str	r3, [sp]
  59:Core/Src/tim.c ****   sMasterConfig.MasterSlaveMode = TIM_MASTERSLAVEMODE_DISABLE;
  94              		.loc 1 59 3 is_stmt 1 view .LVU27
  95              		.loc 1 59 33 is_stmt 0 view .LVU28
  96 0040 0023     		movs	r3, #0
  97 0042 0193     		str	r3, [sp, #4]
  60:Core/Src/tim.c ****   if (HAL_TIMEx_MasterConfigSynchronization(&htim3, &sMasterConfig) != HAL_OK)
  98              		.loc 1 60 3 is_stmt 1 view .LVU29
  99              		.loc 1 60 7 is_stmt 0 view .LVU30
 100 0044 6946     		mov	r1, sp
 101 0046 0848     		ldr	r0, .L9
 102 0048 FFF7FEFF 		bl	HAL_TIMEx_MasterConfigSynchronization
 103              	.LVL2:
 104              		.loc 1 60 6 view .LVU31
 105 004c 40B9     		cbnz	r0, .L8
 106              	.L1:
  61:Core/Src/tim.c ****   {
  62:Core/Src/tim.c ****     Error_Handler();
  63:Core/Src/tim.c ****   }
  64:Core/Src/tim.c ****   /* USER CODE BEGIN TIM3_Init 2 */
  65:Core/Src/tim.c **** 
  66:Core/Src/tim.c ****   /* USER CODE END TIM3_Init 2 */
ARM GAS  /tmp/ccf71Fr3.s 			page 4


  67:Core/Src/tim.c **** 
  68:Core/Src/tim.c **** }
 107              		.loc 1 68 1 view .LVU32
 108 004e 07B0     		add	sp, sp, #28
 109              		.cfi_remember_state
 110              		.cfi_def_cfa_offset 4
 111              		@ sp needed
 112 0050 5DF804FB 		ldr	pc, [sp], #4
 113              	.L6:
 114              		.cfi_restore_state
  51:Core/Src/tim.c ****   }
 115              		.loc 1 51 5 is_stmt 1 view .LVU33
 116 0054 FFF7FEFF 		bl	Error_Handler
 117              	.LVL3:
 118 0058 E8E7     		b	.L2
 119              	.L7:
  56:Core/Src/tim.c ****   }
 120              		.loc 1 56 5 view .LVU34
 121 005a FFF7FEFF 		bl	Error_Handler
 122              	.LVL4:
 123 005e EDE7     		b	.L3
 124              	.L8:
  62:Core/Src/tim.c ****   }
 125              		.loc 1 62 5 view .LVU35
 126 0060 FFF7FEFF 		bl	Error_Handler
 127              	.LVL5:
 128              		.loc 1 68 1 is_stmt 0 view .LVU36
 129 0064 F3E7     		b	.L1
 130              	.L10:
 131 0066 00BF     		.align	2
 132              	.L9:
 133 0068 00000000 		.word	htim3
 134 006c 00040040 		.word	1073742848
 135              		.cfi_endproc
 136              	.LFE220:
 138              		.section	.text.HAL_TIM_Base_MspInit,"ax",%progbits
 139              		.align	1
 140              		.global	HAL_TIM_Base_MspInit
 141              		.syntax unified
 142              		.thumb
 143              		.thumb_func
 145              	HAL_TIM_Base_MspInit:
 146              	.LVL6:
 147              	.LFB221:
  69:Core/Src/tim.c **** 
  70:Core/Src/tim.c **** void HAL_TIM_Base_MspInit(TIM_HandleTypeDef* tim_baseHandle)
  71:Core/Src/tim.c **** {
 148              		.loc 1 71 1 is_stmt 1 view -0
 149              		.cfi_startproc
 150              		@ args = 0, pretend = 0, frame = 8
 151              		@ frame_needed = 0, uses_anonymous_args = 0
 152              		@ link register save eliminated.
  72:Core/Src/tim.c **** 
  73:Core/Src/tim.c ****   if(tim_baseHandle->Instance==TIM3)
 153              		.loc 1 73 3 view .LVU38
 154              		.loc 1 73 20 is_stmt 0 view .LVU39
 155 0000 0268     		ldr	r2, [r0]
ARM GAS  /tmp/ccf71Fr3.s 			page 5


 156              		.loc 1 73 5 view .LVU40
 157 0002 094B     		ldr	r3, .L18
 158 0004 9A42     		cmp	r2, r3
 159 0006 00D0     		beq	.L17
 160 0008 7047     		bx	lr
 161              	.L17:
  71:Core/Src/tim.c **** 
 162              		.loc 1 71 1 view .LVU41
 163 000a 82B0     		sub	sp, sp, #8
 164              		.cfi_def_cfa_offset 8
  74:Core/Src/tim.c ****   {
  75:Core/Src/tim.c ****   /* USER CODE BEGIN TIM3_MspInit 0 */
  76:Core/Src/tim.c **** 
  77:Core/Src/tim.c ****   /* USER CODE END TIM3_MspInit 0 */
  78:Core/Src/tim.c ****     /* TIM3 clock enable */
  79:Core/Src/tim.c ****     __HAL_RCC_TIM3_CLK_ENABLE();
 165              		.loc 1 79 5 is_stmt 1 view .LVU42
 166              	.LBB2:
 167              		.loc 1 79 5 view .LVU43
 168 000c 0023     		movs	r3, #0
 169 000e 0193     		str	r3, [sp, #4]
 170              		.loc 1 79 5 view .LVU44
 171 0010 064B     		ldr	r3, .L18+4
 172 0012 1A6C     		ldr	r2, [r3, #64]
 173 0014 42F00202 		orr	r2, r2, #2
 174 0018 1A64     		str	r2, [r3, #64]
 175              		.loc 1 79 5 view .LVU45
 176 001a 1B6C     		ldr	r3, [r3, #64]
 177 001c 03F00203 		and	r3, r3, #2
 178 0020 0193     		str	r3, [sp, #4]
 179              		.loc 1 79 5 view .LVU46
 180 0022 019B     		ldr	r3, [sp, #4]
 181              	.LBE2:
 182              		.loc 1 79 5 view .LVU47
  80:Core/Src/tim.c ****   /* USER CODE BEGIN TIM3_MspInit 1 */
  81:Core/Src/tim.c **** 
  82:Core/Src/tim.c ****   /* USER CODE END TIM3_MspInit 1 */
  83:Core/Src/tim.c ****   }
  84:Core/Src/tim.c **** }
 183              		.loc 1 84 1 is_stmt 0 view .LVU48
 184 0024 02B0     		add	sp, sp, #8
 185              		.cfi_def_cfa_offset 0
 186              		@ sp needed
 187 0026 7047     		bx	lr
 188              	.L19:
 189              		.align	2
 190              	.L18:
 191 0028 00040040 		.word	1073742848
 192 002c 00380240 		.word	1073887232
 193              		.cfi_endproc
 194              	.LFE221:
 196              		.section	.text.HAL_TIM_Base_MspDeInit,"ax",%progbits
 197              		.align	1
 198              		.global	HAL_TIM_Base_MspDeInit
 199              		.syntax unified
 200              		.thumb
 201              		.thumb_func
ARM GAS  /tmp/ccf71Fr3.s 			page 6


 203              	HAL_TIM_Base_MspDeInit:
 204              	.LVL7:
 205              	.LFB222:
  85:Core/Src/tim.c **** 
  86:Core/Src/tim.c **** void HAL_TIM_Base_MspDeInit(TIM_HandleTypeDef* tim_baseHandle)
  87:Core/Src/tim.c **** {
 206              		.loc 1 87 1 is_stmt 1 view -0
 207              		.cfi_startproc
 208              		@ args = 0, pretend = 0, frame = 0
 209              		@ frame_needed = 0, uses_anonymous_args = 0
 210              		@ link register save eliminated.
  88:Core/Src/tim.c **** 
  89:Core/Src/tim.c ****   if(tim_baseHandle->Instance==TIM3)
 211              		.loc 1 89 3 view .LVU50
 212              		.loc 1 89 20 is_stmt 0 view .LVU51
 213 0000 0268     		ldr	r2, [r0]
 214              		.loc 1 89 5 view .LVU52
 215 0002 054B     		ldr	r3, .L23
 216 0004 9A42     		cmp	r2, r3
 217 0006 00D0     		beq	.L22
 218              	.L20:
  90:Core/Src/tim.c ****   {
  91:Core/Src/tim.c ****   /* USER CODE BEGIN TIM3_MspDeInit 0 */
  92:Core/Src/tim.c **** 
  93:Core/Src/tim.c ****   /* USER CODE END TIM3_MspDeInit 0 */
  94:Core/Src/tim.c ****     /* Peripheral clock disable */
  95:Core/Src/tim.c ****     __HAL_RCC_TIM3_CLK_DISABLE();
  96:Core/Src/tim.c ****   /* USER CODE BEGIN TIM3_MspDeInit 1 */
  97:Core/Src/tim.c **** 
  98:Core/Src/tim.c ****   /* USER CODE END TIM3_MspDeInit 1 */
  99:Core/Src/tim.c ****   }
 100:Core/Src/tim.c **** }
 219              		.loc 1 100 1 view .LVU53
 220 0008 7047     		bx	lr
 221              	.L22:
  95:Core/Src/tim.c ****   /* USER CODE BEGIN TIM3_MspDeInit 1 */
 222              		.loc 1 95 5 is_stmt 1 view .LVU54
 223 000a 044A     		ldr	r2, .L23+4
 224 000c 136C     		ldr	r3, [r2, #64]
 225 000e 23F00203 		bic	r3, r3, #2
 226 0012 1364     		str	r3, [r2, #64]
 227              		.loc 1 100 1 is_stmt 0 view .LVU55
 228 0014 F8E7     		b	.L20
 229              	.L24:
 230 0016 00BF     		.align	2
 231              	.L23:
 232 0018 00040040 		.word	1073742848
 233 001c 00380240 		.word	1073887232
 234              		.cfi_endproc
 235              	.LFE222:
 237              		.global	htim3
 238              		.section	.bss.htim3,"aw",%nobits
 239              		.align	2
 242              	htim3:
 243 0000 00000000 		.space	72
 243      00000000 
 243      00000000 
ARM GAS  /tmp/ccf71Fr3.s 			page 7


 243      00000000 
 243      00000000 
 244              		.text
 245              	.Letext0:
 246              		.file 2 "Drivers/CMSIS/Device/ST/STM32F4xx/Include/stm32f411xe.h"
 247              		.file 3 "/usr/lib/gcc/arm-none-eabi/12.2.1/include/stdint.h"
 248              		.file 4 "Drivers/STM32F4xx_HAL_Driver/Inc/stm32f4xx_hal_def.h"
 249              		.file 5 "Drivers/STM32F4xx_HAL_Driver/Inc/stm32f4xx_hal_dma.h"
 250              		.file 6 "Drivers/STM32F4xx_HAL_Driver/Inc/stm32f4xx_hal_tim.h"
 251              		.file 7 "Drivers/STM32F4xx_HAL_Driver/Inc/stm32f4xx_hal_tim_ex.h"
 252              		.file 8 "Core/Inc/tim.h"
 253              		.file 9 "Core/Inc/main.h"
ARM GAS  /tmp/ccf71Fr3.s 			page 8


DEFINED SYMBOLS
                            *ABS*:00000000 tim.c
     /tmp/ccf71Fr3.s:21     .text.MX_TIM3_Init:00000000 $t
     /tmp/ccf71Fr3.s:27     .text.MX_TIM3_Init:00000000 MX_TIM3_Init
     /tmp/ccf71Fr3.s:133    .text.MX_TIM3_Init:00000068 $d
     /tmp/ccf71Fr3.s:242    .bss.htim3:00000000 htim3
     /tmp/ccf71Fr3.s:139    .text.HAL_TIM_Base_MspInit:00000000 $t
     /tmp/ccf71Fr3.s:145    .text.HAL_TIM_Base_MspInit:00000000 HAL_TIM_Base_MspInit
     /tmp/ccf71Fr3.s:191    .text.HAL_TIM_Base_MspInit:00000028 $d
     /tmp/ccf71Fr3.s:197    .text.HAL_TIM_Base_MspDeInit:00000000 $t
     /tmp/ccf71Fr3.s:203    .text.HAL_TIM_Base_MspDeInit:00000000 HAL_TIM_Base_MspDeInit
     /tmp/ccf71Fr3.s:232    .text.HAL_TIM_Base_MspDeInit:00000018 $d
     /tmp/ccf71Fr3.s:239    .bss.htim3:00000000 $d

UNDEFINED SYMBOLS
HAL_TIM_Base_Init
HAL_TIM_ConfigClockSource
HAL_TIMEx_MasterConfigSynchronization
Error_Handler
